11-Apr-2020 23:18:06.256 정보 [main] org.apache.catalina.startup.VersionLoggerListener.log 서버 버전 이름:        Apache Tomcat/9.0.34
11-Apr-2020 23:18:06.262 정보 [main] org.apache.catalina.startup.VersionLoggerListener.log Server 빌드 시각:          Apr 3 2020 12:02:52 UTC
11-Apr-2020 23:18:06.262 정보 [main] org.apache.catalina.startup.VersionLoggerListener.log Server 버전 번호:         9.0.34.0
11-Apr-2020 23:18:06.262 정보 [main] org.apache.catalina.startup.VersionLoggerListener.log 운영체제 이름:               Mac OS X
11-Apr-2020 23:18:06.263 정보 [main] org.apache.catalina.startup.VersionLoggerListener.log 운영체제 버전:            10.15.3
11-Apr-2020 23:18:06.263 정보 [main] org.apache.catalina.startup.VersionLoggerListener.log 아키텍처:          x86_64
11-Apr-2020 23:18:06.263 정보 [main] org.apache.catalina.startup.VersionLoggerListener.log 자바 홈:             /Users/kwangmin/.sdkman/candidates/java/12.0.2.j9-adpt
11-Apr-2020 23:18:06.263 정보 [main] org.apache.catalina.startup.VersionLoggerListener.log JVM 버전:           12.0.2+10
11-Apr-2020 23:18:06.263 정보 [main] org.apache.catalina.startup.VersionLoggerListener.log JVM 벤더:            Eclipse OpenJ9
11-Apr-2020 23:18:06.263 정보 [main] org.apache.catalina.startup.VersionLoggerListener.log CATALINA_BASE:         /Users/kwangmin/IdeaProjects/springFramework/tomcat/apache-tomcat-9.0.34
11-Apr-2020 23:18:06.263 정보 [main] org.apache.catalina.startup.VersionLoggerListener.log CATALINA_HOME:         /Users/kwangmin/IdeaProjects/springFramework/tomcat/apache-tomcat-9.0.34
11-Apr-2020 23:18:06.553 정보 [main] org.apache.catalina.startup.VersionLoggerListener.log 명령 행 아규먼트: -Xoptionsfile=/Users/kwangmin/.sdkman/candidates/java/12.0.2.j9-adpt/lib/options.default
11-Apr-2020 23:18:06.553 정보 [main] org.apache.catalina.startup.VersionLoggerListener.log 명령 행 아규먼트: -Xlockword:mode=default,noLockword=java/lang/String,noLockword=java/util/MapEntry,noLockword=java/util/HashMap$Entry,noLockword=org/apache/harmony/luni/util/ModifiedMap$Entry,noLockword=java/util/Hashtable$Entry,noLockword=java/lang/invoke/MethodType,noLockword=java/lang/invoke/MethodHandle,noLockword=java/lang/invoke/CollectHandle,noLockword=java/lang/invoke/ConstructorHandle,noLockword=java/lang/invoke/ConvertHandle,noLockword=java/lang/invoke/ArgumentConversionHandle,noLockword=java/lang/invoke/AsTypeHandle,noLockword=java/lang/invoke/ExplicitCastHandle,noLockword=java/lang/invoke/FilterReturnHandle,noLockword=java/lang/invoke/DirectHandle,noLockword=java/lang/invoke/ReceiverBoundHandle,noLockword=java/lang/invoke/DynamicInvokerHandle,noLockword=java/lang/invoke/FieldHandle,noLockword=java/lang/invoke/FieldGetterHandle,noLockword=java/lang/invoke/FieldSetterHandle,noLockword=java/lang/invoke/StaticFieldGetterHandle,noLockword=java/lang/invoke/StaticFieldSetterHandle,noLockword=java/lang/invoke/IndirectHandle,noLockword=java/lang/invoke/InterfaceHandle,noLockword=java/lang/invoke/VirtualHandle,noLockword=java/lang/invoke/PrimitiveHandle,noLockword=java/lang/invoke/InvokeExactHandle,noLockword=java/lang/invoke/InvokeGenericHandle,noLockword=java/lang/invoke/VarargsCollectorHandle,noLockword=java/lang/invoke/ThunkTuple
11-Apr-2020 23:18:06.555 정보 [main] org.apache.catalina.startup.VersionLoggerListener.log 명령 행 아규먼트: -Xjcl:jclse29
11-Apr-2020 23:18:06.555 정보 [main] org.apache.catalina.startup.VersionLoggerListener.log 명령 행 아규먼트: -Dcom.ibm.oti.vm.bootstrap.library.path=/Users/kwangmin/.sdkman/candidates/java/12.0.2.j9-adpt/lib/compressedrefs:/Users/kwangmin/.sdkman/candidates/java/12.0.2.j9-adpt/lib
11-Apr-2020 23:18:06.555 정보 [main] org.apache.catalina.startup.VersionLoggerListener.log 명령 행 아규먼트: -Dsun.boot.library.path=/Users/kwangmin/.sdkman/candidates/java/12.0.2.j9-adpt/lib/compressedrefs:/Users/kwangmin/.sdkman/candidates/java/12.0.2.j9-adpt/lib
11-Apr-2020 23:18:06.555 정보 [main] org.apache.catalina.startup.VersionLoggerListener.log 명령 행 아규먼트: -Djava.library.path=/Users/kwangmin/.sdkman/candidates/java/12.0.2.j9-adpt/lib/compressedrefs:/Users/kwangmin/.sdkman/candidates/java/12.0.2.j9-adpt/lib:/usr/lib
11-Apr-2020 23:18:06.556 정보 [main] org.apache.catalina.startup.VersionLoggerListener.log 명령 행 아규먼트: -Djava.home=/Users/kwangmin/.sdkman/candidates/java/12.0.2.j9-adpt
11-Apr-2020 23:18:06.556 정보 [main] org.apache.catalina.startup.VersionLoggerListener.log 명령 행 아규먼트: -Duser.dir=/Users/kwangmin/IdeaProjects/springFramework/tomcat/apache-tomcat-9.0.34/bin
11-Apr-2020 23:18:06.556 정보 [main] org.apache.catalina.startup.VersionLoggerListener.log 명령 행 아규먼트: --add-opens=java.base/java.lang=ALL-UNNAMED
11-Apr-2020 23:18:06.556 정보 [main] org.apache.catalina.startup.VersionLoggerListener.log 명령 행 아규먼트: --add-opens=java.base/java.io=ALL-UNNAMED
11-Apr-2020 23:18:06.556 정보 [main] org.apache.catalina.startup.VersionLoggerListener.log 명령 행 아규먼트: --add-opens=java.rmi/sun.rmi.transport=ALL-UNNAMED
11-Apr-2020 23:18:06.557 정보 [main] org.apache.catalina.startup.VersionLoggerListener.log 명령 행 아규먼트: -Djava.util.logging.config.file=/Users/kwangmin/IdeaProjects/springFramework/tomcat/apache-tomcat-9.0.34/conf/logging.properties
11-Apr-2020 23:18:06.557 정보 [main] org.apache.catalina.startup.VersionLoggerListener.log 명령 행 아규먼트: -Djava.util.logging.manager=org.apache.juli.ClassLoaderLogManager
11-Apr-2020 23:18:06.557 정보 [main] org.apache.catalina.startup.VersionLoggerListener.log 명령 행 아규먼트: -Djdk.tls.ephemeralDHKeySize=2048
11-Apr-2020 23:18:06.557 정보 [main] org.apache.catalina.startup.VersionLoggerListener.log 명령 행 아규먼트: -Djava.protocol.handler.pkgs=org.apache.catalina.webresources
11-Apr-2020 23:18:06.557 정보 [main] org.apache.catalina.startup.VersionLoggerListener.log 명령 행 아규먼트: -Dorg.apache.catalina.security.SecurityListener.UMASK=0027
11-Apr-2020 23:18:06.558 정보 [main] org.apache.catalina.startup.VersionLoggerListener.log 명령 행 아규먼트: -Dignore.endorsed.dirs=
11-Apr-2020 23:18:06.558 정보 [main] org.apache.catalina.startup.VersionLoggerListener.log 명령 행 아규먼트: -Djava.class.path=/Users/kwangmin/IdeaProjects/springFramework/tomcat/apache-tomcat-9.0.34/bin/bootstrap.jar:/Users/kwangmin/IdeaProjects/springFramework/tomcat/apache-tomcat-9.0.34/bin/tomcat-juli.jar
11-Apr-2020 23:18:06.558 정보 [main] org.apache.catalina.startup.VersionLoggerListener.log 명령 행 아규먼트: -Dcatalina.base=/Users/kwangmin/IdeaProjects/springFramework/tomcat/apache-tomcat-9.0.34
11-Apr-2020 23:18:06.558 정보 [main] org.apache.catalina.startup.VersionLoggerListener.log 명령 행 아규먼트: -Dcatalina.home=/Users/kwangmin/IdeaProjects/springFramework/tomcat/apache-tomcat-9.0.34
11-Apr-2020 23:18:06.558 정보 [main] org.apache.catalina.startup.VersionLoggerListener.log 명령 행 아규먼트: -Djava.io.tmpdir=/Users/kwangmin/IdeaProjects/springFramework/tomcat/apache-tomcat-9.0.34/temp
11-Apr-2020 23:18:06.559 정보 [main] org.apache.catalina.startup.VersionLoggerListener.log 명령 행 아규먼트: -Dsun.java.command=org.apache.catalina.startup.Bootstrap start
11-Apr-2020 23:18:06.559 정보 [main] org.apache.catalina.startup.VersionLoggerListener.log 명령 행 아규먼트: -Dsun.java.launcher=SUN_STANDARD
11-Apr-2020 23:18:06.559 정보 [main] org.apache.catalina.core.AprLifecycleListener.lifecycleEvent 프로덕션 환경들에서 최적의 성능을 제공하는, APR 기반 Apache Tomcat Native 라이브러리가, 다음 java.library.path에서 발견되지 않습니다: [/Users/kwangmin/.sdkman/candidates/java/12.0.2.j9-adpt/lib/compressedrefs:/Users/kwangmin/.sdkman/candidates/java/12.0.2.j9-adpt/lib:/usr/lib]
11-Apr-2020 23:18:06.839 정보 [main] org.apache.coyote.AbstractProtocol.init 프로토콜 핸들러 ["http-nio-8080"]을(를) 초기화합니다.
11-Apr-2020 23:18:06.914 정보 [main] org.apache.catalina.startup.Catalina.load [946] 밀리초 내에 서버가 초기화되었습니다.
11-Apr-2020 23:18:06.946 정보 [main] org.apache.catalina.core.StandardService.startInternal 서비스 [Catalina]을(를) 시작합니다.
11-Apr-2020 23:18:06.946 정보 [main] org.apache.catalina.core.StandardEngine.startInternal 서버 엔진을 시작합니다: [Apache Tomcat/9.0.34]
11-Apr-2020 23:18:06.954 정보 [main] org.apache.catalina.startup.HostConfig.deployDirectory 웹 애플리케이션 디렉토리 [/Users/kwangmin/IdeaProjects/springFramework/tomcat/apache-tomcat-9.0.34/webapps/docs]을(를) 배치합니다.
11-Apr-2020 23:18:07.225 정보 [main] org.apache.catalina.startup.HostConfig.deployDirectory 웹 애플리케이션 디렉토리 [/Users/kwangmin/IdeaProjects/springFramework/tomcat/apache-tomcat-9.0.34/webapps/docs]에 대한 배치가 [271] 밀리초에 완료되었습니다.
11-Apr-2020 23:18:07.225 정보 [main] org.apache.catalina.startup.HostConfig.deployDirectory 웹 애플리케이션 디렉토리 [/Users/kwangmin/IdeaProjects/springFramework/tomcat/apache-tomcat-9.0.34/webapps/manager]을(를) 배치합니다.
11-Apr-2020 23:18:07.266 정보 [main] org.apache.catalina.startup.HostConfig.deployDirectory 웹 애플리케이션 디렉토리 [/Users/kwangmin/IdeaProjects/springFramework/tomcat/apache-tomcat-9.0.34/webapps/manager]에 대한 배치가 [41] 밀리초에 완료되었습니다.
11-Apr-2020 23:18:07.266 정보 [main] org.apache.catalina.startup.HostConfig.deployDirectory 웹 애플리케이션 디렉토리 [/Users/kwangmin/IdeaProjects/springFramework/tomcat/apache-tomcat-9.0.34/webapps/examples]을(를) 배치합니다.
11-Apr-2020 23:18:07.525 정보 [main] org.apache.catalina.startup.HostConfig.deployDirectory 웹 애플리케이션 디렉토리 [/Users/kwangmin/IdeaProjects/springFramework/tomcat/apache-tomcat-9.0.34/webapps/examples]에 대한 배치가 [258] 밀리초에 완료되었습니다.
11-Apr-2020 23:18:07.525 정보 [main] org.apache.catalina.startup.HostConfig.deployDirectory 웹 애플리케이션 디렉토리 [/Users/kwangmin/IdeaProjects/springFramework/tomcat/apache-tomcat-9.0.34/webapps/ROOT]을(를) 배치합니다.
11-Apr-2020 23:18:07.545 정보 [main] org.apache.catalina.startup.HostConfig.deployDirectory 웹 애플리케이션 디렉토리 [/Users/kwangmin/IdeaProjects/springFramework/tomcat/apache-tomcat-9.0.34/webapps/ROOT]에 대한 배치가 [20] 밀리초에 완료되었습니다.
11-Apr-2020 23:18:07.545 정보 [main] org.apache.catalina.startup.HostConfig.deployDirectory 웹 애플리케이션 디렉토리 [/Users/kwangmin/IdeaProjects/springFramework/tomcat/apache-tomcat-9.0.34/webapps/host-manager]을(를) 배치합니다.
11-Apr-2020 23:18:07.567 정보 [main] org.apache.catalina.startup.HostConfig.deployDirectory 웹 애플리케이션 디렉토리 [/Users/kwangmin/IdeaProjects/springFramework/tomcat/apache-tomcat-9.0.34/webapps/host-manager]에 대한 배치가 [22] 밀리초에 완료되었습니다.
11-Apr-2020 23:18:07.570 정보 [main] org.apache.coyote.AbstractProtocol.start 프로토콜 핸들러 ["http-nio-8080"]을(를) 시작합니다.
11-Apr-2020 23:18:07.576 정보 [main] org.apache.catalina.startup.Catalina.start 서버가 [661] 밀리초 내에 시작되었습니다.
11-Apr-2020 23:24:37.676 정보 [Catalina-utility-1] org.apache.catalina.startup.HostConfig.deployWAR 웹 애플리케이션 아카이브 [/Users/kwangmin/IdeaProjects/springFramework/tomcat/apache-tomcat-9.0.34/webapps/springFramework-1.0-SNAPSHOT.war]을(를) 배치합니다.
11-Apr-2020 23:24:37.902 정보 [Catalina-utility-1] org.apache.jasper.servlet.TldScanner.scanJars 적어도 하나의 JAR가 TLD들을 찾기 위해 스캔되었으나 아무 것도 찾지 못했습니다. 스캔했으나 TLD가 없는 JAR들의 전체 목록을 보시려면, 로그 레벨을 디버그 레벨로 설정하십시오. 스캔 과정에서 불필요한 JAR들을 건너뛰면, 시스템 시작 시간과 JSP 컴파일 시간을 단축시킬 수 있습니다.
11-Apr-2020 23:24:38.075 정보 [Catalina-utility-1] org.apache.catalina.startup.HostConfig.deployWAR 웹 애플리케이션 아카이브 [/Users/kwangmin/IdeaProjects/springFramework/tomcat/apache-tomcat-9.0.34/webapps/springFramework-1.0-SNAPSHOT.war]의 배치가 [398] 밀리초에 완료되었습니다.
11-Apr-2020 23:34:28.776 정보 [Catalina-utility-2] org.apache.catalina.startup.HostConfig.undeploy 컨텍스트 [/springFramework-1.0-SNAPSHOT]의 배치를 제거합니다.
11-Apr-2020 23:34:28.805 정보 [Catalina-utility-2] org.apache.catalina.startup.HostConfig.deployWAR 웹 애플리케이션 아카이브 [/Users/kwangmin/IdeaProjects/springFramework/tomcat/apache-tomcat-9.0.34/webapps/springFramework-1.0-SNAPSHOT.war]을(를) 배치합니다.
11-Apr-2020 23:34:28.975 정보 [Catalina-utility-2] org.apache.jasper.servlet.TldScanner.scanJars 적어도 하나의 JAR가 TLD들을 찾기 위해 스캔되었으나 아무 것도 찾지 못했습니다. 스캔했으나 TLD가 없는 JAR들의 전체 목록을 보시려면, 로그 레벨을 디버그 레벨로 설정하십시오. 스캔 과정에서 불필요한 JAR들을 건너뛰면, 시스템 시작 시간과 JSP 컴파일 시간을 단축시킬 수 있습니다.
11-Apr-2020 23:34:29.100 정보 [Catalina-utility-2] org.apache.catalina.startup.HostConfig.deployWAR 웹 애플리케이션 아카이브 [/Users/kwangmin/IdeaProjects/springFramework/tomcat/apache-tomcat-9.0.34/webapps/springFramework-1.0-SNAPSHOT.war]의 배치가 [295] 밀리초에 완료되었습니다.
11-Apr-2020 23:34:59.613 정보 [Catalina-utility-2] org.apache.catalina.startup.HostConfig.undeploy 컨텍스트 [/springFramework-1.0-SNAPSHOT]의 배치를 제거합니다.
11-Apr-2020 23:35:39.639 정보 [Catalina-utility-2] org.apache.catalina.startup.HostConfig.deployWAR 웹 애플리케이션 아카이브 [/Users/kwangmin/IdeaProjects/springFramework/tomcat/apache-tomcat-9.0.34/webapps/springbasic.war]을(를) 배치합니다.
11-Apr-2020 23:35:40.422 정보 [Catalina-utility-2] org.apache.jasper.servlet.TldScanner.scanJars 적어도 하나의 JAR가 TLD들을 찾기 위해 스캔되었으나 아무 것도 찾지 못했습니다. 스캔했으나 TLD가 없는 JAR들의 전체 목록을 보시려면, 로그 레벨을 디버그 레벨로 설정하십시오. 스캔 과정에서 불필요한 JAR들을 건너뛰면, 시스템 시작 시간과 JSP 컴파일 시간을 단축시킬 수 있습니다.
11-Apr-2020 23:35:40.552 정보 [Catalina-utility-2] org.apache.catalina.startup.HostConfig.deployWAR 웹 애플리케이션 아카이브 [/Users/kwangmin/IdeaProjects/springFramework/tomcat/apache-tomcat-9.0.34/webapps/springbasic.war]의 배치가 [913] 밀리초에 완료되었습니다.
