12-Apr-2020 00:38:12.291 정보 [Catalina-utility-1] org.apache.catalina.startup.HostConfig.undeploy 컨텍스트 [/springbasic]의 배치를 제거합니다.
12-Apr-2020 00:38:32.523 정보 [Catalina-utility-2] org.apache.catalina.startup.HostConfig.deployWAR 웹 애플리케이션 아카이브 [/Users/kwangmin/IdeaProjects/springFramework/tomcat/apache-tomcat-9.0.34/webapps/springbasic.war]을(를) 배치합니다.
12-Apr-2020 00:38:33.540 정보 [Catalina-utility-2] org.apache.jasper.servlet.TldScanner.scanJars 적어도 하나의 JAR가 TLD들을 찾기 위해 스캔되었으나 아무 것도 찾지 못했습니다. 스캔했으나 TLD가 없는 JAR들의 전체 목록을 보시려면, 로그 레벨을 디버그 레벨로 설정하십시오. 스캔 과정에서 불필요한 JAR들을 건너뛰면, 시스템 시작 시간과 JSP 컴파일 시간을 단축시킬 수 있습니다.
12-Apr-2020 00:38:33.683 정보 [Catalina-utility-2] org.apache.catalina.startup.HostConfig.deployWAR 웹 애플리케이션 아카이브 [/Users/kwangmin/IdeaProjects/springFramework/tomcat/apache-tomcat-9.0.34/webapps/springbasic.war]의 배치가 [1,160] 밀리초에 완료되었습니다.
12-Apr-2020 21:19:46.435 정보 [Catalina-utility-1] org.apache.catalina.startup.HostConfig.undeploy 컨텍스트 [/springbasic]의 배치를 제거합니다.
12-Apr-2020 21:20:06.616 정보 [Catalina-utility-2] org.apache.catalina.startup.HostConfig.deployWAR 웹 애플리케이션 아카이브 [/Users/kwangmin/IdeaProjects/springFramework/tomcat/apache-tomcat-9.0.34/webapps/springbasic.war]을(를) 배치합니다.
12-Apr-2020 21:20:07.289 정보 [Catalina-utility-2] org.apache.jasper.servlet.TldScanner.scanJars 적어도 하나의 JAR가 TLD들을 찾기 위해 스캔되었으나 아무 것도 찾지 못했습니다. 스캔했으나 TLD가 없는 JAR들의 전체 목록을 보시려면, 로그 레벨을 디버그 레벨로 설정하십시오. 스캔 과정에서 불필요한 JAR들을 건너뛰면, 시스템 시작 시간과 JSP 컴파일 시간을 단축시킬 수 있습니다.
12-Apr-2020 21:20:07.429 정보 [Catalina-utility-2] org.apache.catalina.startup.HostConfig.deployWAR 웹 애플리케이션 아카이브 [/Users/kwangmin/IdeaProjects/springFramework/tomcat/apache-tomcat-9.0.34/webapps/springbasic.war]의 배치가 [814] 밀리초에 완료되었습니다.
12-Apr-2020 21:26:08.015 정보 [Catalina-utility-1] org.apache.catalina.startup.HostConfig.undeploy 컨텍스트 [/springbasic]의 배치를 제거합니다.
12-Apr-2020 21:26:18.173 정보 [Catalina-utility-2] org.apache.catalina.startup.HostConfig.deployWAR 웹 애플리케이션 아카이브 [/Users/kwangmin/IdeaProjects/springFramework/tomcat/apache-tomcat-9.0.34/webapps/springbasic.war]을(를) 배치합니다.
12-Apr-2020 21:26:18.838 정보 [Catalina-utility-2] org.apache.jasper.servlet.TldScanner.scanJars 적어도 하나의 JAR가 TLD들을 찾기 위해 스캔되었으나 아무 것도 찾지 못했습니다. 스캔했으나 TLD가 없는 JAR들의 전체 목록을 보시려면, 로그 레벨을 디버그 레벨로 설정하십시오. 스캔 과정에서 불필요한 JAR들을 건너뛰면, 시스템 시작 시간과 JSP 컴파일 시간을 단축시킬 수 있습니다.
12-Apr-2020 21:26:18.974 정보 [Catalina-utility-2] org.apache.catalina.startup.HostConfig.deployWAR 웹 애플리케이션 아카이브 [/Users/kwangmin/IdeaProjects/springFramework/tomcat/apache-tomcat-9.0.34/webapps/springbasic.war]의 배치가 [801] 밀리초에 완료되었습니다.
12-Apr-2020 21:27:59.870 정보 [main] org.apache.catalina.startup.VersionLoggerListener.log 서버 버전 이름:        Apache Tomcat/9.0.34
12-Apr-2020 21:27:59.876 정보 [main] org.apache.catalina.startup.VersionLoggerListener.log Server 빌드 시각:          Apr 3 2020 12:02:52 UTC
12-Apr-2020 21:27:59.876 정보 [main] org.apache.catalina.startup.VersionLoggerListener.log Server 버전 번호:         9.0.34.0
12-Apr-2020 21:27:59.877 정보 [main] org.apache.catalina.startup.VersionLoggerListener.log 운영체제 이름:               Mac OS X
12-Apr-2020 21:27:59.877 정보 [main] org.apache.catalina.startup.VersionLoggerListener.log 운영체제 버전:            10.15.3
12-Apr-2020 21:27:59.877 정보 [main] org.apache.catalina.startup.VersionLoggerListener.log 아키텍처:          x86_64
12-Apr-2020 21:27:59.877 정보 [main] org.apache.catalina.startup.VersionLoggerListener.log 자바 홈:             /Users/kwangmin/.sdkman/candidates/java/12.0.2.j9-adpt
12-Apr-2020 21:27:59.877 정보 [main] org.apache.catalina.startup.VersionLoggerListener.log JVM 버전:           12.0.2+10
12-Apr-2020 21:27:59.877 정보 [main] org.apache.catalina.startup.VersionLoggerListener.log JVM 벤더:            Eclipse OpenJ9
12-Apr-2020 21:27:59.878 정보 [main] org.apache.catalina.startup.VersionLoggerListener.log CATALINA_BASE:         /Users/kwangmin/IdeaProjects/springFramework/tomcat/apache-tomcat-9.0.34
12-Apr-2020 21:27:59.878 정보 [main] org.apache.catalina.startup.VersionLoggerListener.log CATALINA_HOME:         /Users/kwangmin/IdeaProjects/springFramework/tomcat/apache-tomcat-9.0.34
12-Apr-2020 21:27:59.938 정보 [main] org.apache.catalina.startup.VersionLoggerListener.log 명령 행 아규먼트: -Xoptionsfile=/Users/kwangmin/.sdkman/candidates/java/12.0.2.j9-adpt/lib/options.default
12-Apr-2020 21:27:59.938 정보 [main] org.apache.catalina.startup.VersionLoggerListener.log 명령 행 아규먼트: -Xlockword:mode=default,noLockword=java/lang/String,noLockword=java/util/MapEntry,noLockword=java/util/HashMap$Entry,noLockword=org/apache/harmony/luni/util/ModifiedMap$Entry,noLockword=java/util/Hashtable$Entry,noLockword=java/lang/invoke/MethodType,noLockword=java/lang/invoke/MethodHandle,noLockword=java/lang/invoke/CollectHandle,noLockword=java/lang/invoke/ConstructorHandle,noLockword=java/lang/invoke/ConvertHandle,noLockword=java/lang/invoke/ArgumentConversionHandle,noLockword=java/lang/invoke/AsTypeHandle,noLockword=java/lang/invoke/ExplicitCastHandle,noLockword=java/lang/invoke/FilterReturnHandle,noLockword=java/lang/invoke/DirectHandle,noLockword=java/lang/invoke/ReceiverBoundHandle,noLockword=java/lang/invoke/DynamicInvokerHandle,noLockword=java/lang/invoke/FieldHandle,noLockword=java/lang/invoke/FieldGetterHandle,noLockword=java/lang/invoke/FieldSetterHandle,noLockword=java/lang/invoke/StaticFieldGetterHandle,noLockword=java/lang/invoke/StaticFieldSetterHandle,noLockword=java/lang/invoke/IndirectHandle,noLockword=java/lang/invoke/InterfaceHandle,noLockword=java/lang/invoke/VirtualHandle,noLockword=java/lang/invoke/PrimitiveHandle,noLockword=java/lang/invoke/InvokeExactHandle,noLockword=java/lang/invoke/InvokeGenericHandle,noLockword=java/lang/invoke/VarargsCollectorHandle,noLockword=java/lang/invoke/ThunkTuple
12-Apr-2020 21:27:59.939 정보 [main] org.apache.catalina.startup.VersionLoggerListener.log 명령 행 아규먼트: -Xjcl:jclse29
12-Apr-2020 21:27:59.939 정보 [main] org.apache.catalina.startup.VersionLoggerListener.log 명령 행 아규먼트: -Dcom.ibm.oti.vm.bootstrap.library.path=/Users/kwangmin/.sdkman/candidates/java/12.0.2.j9-adpt/lib/compressedrefs:/Users/kwangmin/.sdkman/candidates/java/12.0.2.j9-adpt/lib
12-Apr-2020 21:27:59.939 정보 [main] org.apache.catalina.startup.VersionLoggerListener.log 명령 행 아규먼트: -Dsun.boot.library.path=/Users/kwangmin/.sdkman/candidates/java/12.0.2.j9-adpt/lib/compressedrefs:/Users/kwangmin/.sdkman/candidates/java/12.0.2.j9-adpt/lib
12-Apr-2020 21:27:59.940 정보 [main] org.apache.catalina.startup.VersionLoggerListener.log 명령 행 아규먼트: -Djava.library.path=/Users/kwangmin/.sdkman/candidates/java/12.0.2.j9-adpt/lib/compressedrefs:/Users/kwangmin/.sdkman/candidates/java/12.0.2.j9-adpt/lib:/usr/lib
12-Apr-2020 21:27:59.940 정보 [main] org.apache.catalina.startup.VersionLoggerListener.log 명령 행 아규먼트: -Djava.home=/Users/kwangmin/.sdkman/candidates/java/12.0.2.j9-adpt
12-Apr-2020 21:27:59.941 정보 [main] org.apache.catalina.startup.VersionLoggerListener.log 명령 행 아규먼트: -Duser.dir=/Users/kwangmin/IdeaProjects/springFramework/tomcat/apache-tomcat-9.0.34/bin
12-Apr-2020 21:27:59.941 정보 [main] org.apache.catalina.startup.VersionLoggerListener.log 명령 행 아규먼트: --add-opens=java.base/java.lang=ALL-UNNAMED
12-Apr-2020 21:27:59.941 정보 [main] org.apache.catalina.startup.VersionLoggerListener.log 명령 행 아규먼트: --add-opens=java.base/java.io=ALL-UNNAMED
12-Apr-2020 21:27:59.941 정보 [main] org.apache.catalina.startup.VersionLoggerListener.log 명령 행 아규먼트: --add-opens=java.rmi/sun.rmi.transport=ALL-UNNAMED
12-Apr-2020 21:27:59.941 정보 [main] org.apache.catalina.startup.VersionLoggerListener.log 명령 행 아규먼트: -Djava.util.logging.config.file=/Users/kwangmin/IdeaProjects/springFramework/tomcat/apache-tomcat-9.0.34/conf/logging.properties
12-Apr-2020 21:27:59.941 정보 [main] org.apache.catalina.startup.VersionLoggerListener.log 명령 행 아규먼트: -Djava.util.logging.manager=org.apache.juli.ClassLoaderLogManager
12-Apr-2020 21:27:59.942 정보 [main] org.apache.catalina.startup.VersionLoggerListener.log 명령 행 아규먼트: -Djdk.tls.ephemeralDHKeySize=2048
12-Apr-2020 21:27:59.942 정보 [main] org.apache.catalina.startup.VersionLoggerListener.log 명령 행 아규먼트: -Djava.protocol.handler.pkgs=org.apache.catalina.webresources
12-Apr-2020 21:27:59.942 정보 [main] org.apache.catalina.startup.VersionLoggerListener.log 명령 행 아규먼트: -Dorg.apache.catalina.security.SecurityListener.UMASK=0027
12-Apr-2020 21:27:59.942 정보 [main] org.apache.catalina.startup.VersionLoggerListener.log 명령 행 아규먼트: -Dignore.endorsed.dirs=
12-Apr-2020 21:27:59.942 정보 [main] org.apache.catalina.startup.VersionLoggerListener.log 명령 행 아규먼트: -Djava.class.path=/Users/kwangmin/IdeaProjects/springFramework/tomcat/apache-tomcat-9.0.34/bin/bootstrap.jar:/Users/kwangmin/IdeaProjects/springFramework/tomcat/apache-tomcat-9.0.34/bin/tomcat-juli.jar
12-Apr-2020 21:27:59.942 정보 [main] org.apache.catalina.startup.VersionLoggerListener.log 명령 행 아규먼트: -Dcatalina.base=/Users/kwangmin/IdeaProjects/springFramework/tomcat/apache-tomcat-9.0.34
12-Apr-2020 21:27:59.942 정보 [main] org.apache.catalina.startup.VersionLoggerListener.log 명령 행 아규먼트: -Dcatalina.home=/Users/kwangmin/IdeaProjects/springFramework/tomcat/apache-tomcat-9.0.34
12-Apr-2020 21:27:59.942 정보 [main] org.apache.catalina.startup.VersionLoggerListener.log 명령 행 아규먼트: -Djava.io.tmpdir=/Users/kwangmin/IdeaProjects/springFramework/tomcat/apache-tomcat-9.0.34/temp
12-Apr-2020 21:27:59.943 정보 [main] org.apache.catalina.startup.VersionLoggerListener.log 명령 행 아규먼트: -Dsun.java.command=org.apache.catalina.startup.Bootstrap start
12-Apr-2020 21:27:59.943 정보 [main] org.apache.catalina.startup.VersionLoggerListener.log 명령 행 아규먼트: -Dsun.java.launcher=SUN_STANDARD
12-Apr-2020 21:27:59.943 정보 [main] org.apache.catalina.core.AprLifecycleListener.lifecycleEvent 프로덕션 환경들에서 최적의 성능을 제공하는, APR 기반 Apache Tomcat Native 라이브러리가, 다음 java.library.path에서 발견되지 않습니다: [/Users/kwangmin/.sdkman/candidates/java/12.0.2.j9-adpt/lib/compressedrefs:/Users/kwangmin/.sdkman/candidates/java/12.0.2.j9-adpt/lib:/usr/lib]
12-Apr-2020 21:28:00.213 정보 [main] org.apache.coyote.AbstractProtocol.init 프로토콜 핸들러 ["http-nio-8080"]을(를) 초기화합니다.
12-Apr-2020 21:28:00.264 심각 [main] org.apache.catalina.util.LifecycleBase.handleSubClassException 구성요소 [Connector[HTTP/1.1-8080]]을(를) 초기화하지 못했습니다.
org.apache.catalina.LifecycleException: 프로토콜 핸들러 초기화가 실패했습니다.
	at org.apache.catalina.connector.Connector.initInternal(Connector.java:1041)
	at org.apache.catalina.util.LifecycleBase.init(LifecycleBase.java:136)
	at org.apache.catalina.core.StandardService.initInternal(StandardService.java:533)
	at org.apache.catalina.util.LifecycleBase.init(LifecycleBase.java:136)
	at org.apache.catalina.core.StandardServer.initInternal(StandardServer.java:1057)
	at org.apache.catalina.util.LifecycleBase.init(LifecycleBase.java:136)
	at org.apache.catalina.startup.Catalina.load(Catalina.java:584)
	at org.apache.catalina.startup.Catalina.load(Catalina.java:607)
	at java.base/jdk.internal.reflect.NativeMethodAccessorImpl.invoke0(Native Method)
	at java.base/jdk.internal.reflect.NativeMethodAccessorImpl.invoke(NativeMethodAccessorImpl.java:62)
	at java.base/jdk.internal.reflect.DelegatingMethodAccessorImpl.invoke(DelegatingMethodAccessorImpl.java:43)
	at java.base/java.lang.reflect.Method.invoke(Method.java:567)
	at org.apache.catalina.startup.Bootstrap.load(Bootstrap.java:303)
	at org.apache.catalina.startup.Bootstrap.main(Bootstrap.java:473)
Caused by: java.net.BindException: Address already in use
	at java.base/sun.nio.ch.Net.bind0(Native Method)
	at java.base/sun.nio.ch.Net.bind(Net.java:455)
	at java.base/sun.nio.ch.Net.bind(Net.java:447)
	at java.base/sun.nio.ch.ServerSocketChannelImpl.bind(ServerSocketChannelImpl.java:219)
	at java.base/sun.nio.ch.ServerSocketAdaptor.bind(ServerSocketAdaptor.java:80)
	at org.apache.tomcat.util.net.NioEndpoint.initServerSocket(NioEndpoint.java:228)
	at org.apache.tomcat.util.net.NioEndpoint.bind(NioEndpoint.java:211)
	at org.apache.tomcat.util.net.AbstractEndpoint.bindWithCleanup(AbstractEndpoint.java:1141)
	at org.apache.tomcat.util.net.AbstractEndpoint.init(AbstractEndpoint.java:1154)
	at org.apache.coyote.AbstractProtocol.init(AbstractProtocol.java:581)
	at org.apache.coyote.http11.AbstractHttp11Protocol.init(AbstractHttp11Protocol.java:74)
	at org.apache.catalina.connector.Connector.initInternal(Connector.java:1038)
	... 13 more
12-Apr-2020 21:28:00.268 정보 [main] org.apache.catalina.startup.Catalina.load [690] 밀리초 내에 서버가 초기화되었습니다.
12-Apr-2020 21:28:00.306 정보 [main] org.apache.catalina.core.StandardService.startInternal 서비스 [Catalina]을(를) 시작합니다.
12-Apr-2020 21:28:00.307 정보 [main] org.apache.catalina.core.StandardEngine.startInternal 서버 엔진을 시작합니다: [Apache Tomcat/9.0.34]
12-Apr-2020 21:28:00.322 정보 [main] org.apache.catalina.startup.HostConfig.deployWAR 웹 애플리케이션 아카이브 [/Users/kwangmin/IdeaProjects/springFramework/tomcat/apache-tomcat-9.0.34/webapps/springbasic.war]을(를) 배치합니다.
12-Apr-2020 21:28:00.729 정보 [main] org.apache.jasper.servlet.TldScanner.scanJars 적어도 하나의 JAR가 TLD들을 찾기 위해 스캔되었으나 아무 것도 찾지 못했습니다. 스캔했으나 TLD가 없는 JAR들의 전체 목록을 보시려면, 로그 레벨을 디버그 레벨로 설정하십시오. 스캔 과정에서 불필요한 JAR들을 건너뛰면, 시스템 시작 시간과 JSP 컴파일 시간을 단축시킬 수 있습니다.
12-Apr-2020 21:28:00.950 정보 [main] org.apache.catalina.startup.HostConfig.deployWAR 웹 애플리케이션 아카이브 [/Users/kwangmin/IdeaProjects/springFramework/tomcat/apache-tomcat-9.0.34/webapps/springbasic.war]의 배치가 [628] 밀리초에 완료되었습니다.
12-Apr-2020 21:28:00.950 정보 [main] org.apache.catalina.startup.HostConfig.deployDirectory 웹 애플리케이션 디렉토리 [/Users/kwangmin/IdeaProjects/springFramework/tomcat/apache-tomcat-9.0.34/webapps/docs]을(를) 배치합니다.
12-Apr-2020 21:28:00.972 정보 [main] org.apache.catalina.startup.HostConfig.deployDirectory 웹 애플리케이션 디렉토리 [/Users/kwangmin/IdeaProjects/springFramework/tomcat/apache-tomcat-9.0.34/webapps/docs]에 대한 배치가 [22] 밀리초에 완료되었습니다.
12-Apr-2020 21:28:00.973 정보 [main] org.apache.catalina.startup.HostConfig.deployDirectory 웹 애플리케이션 디렉토리 [/Users/kwangmin/IdeaProjects/springFramework/tomcat/apache-tomcat-9.0.34/webapps/manager]을(를) 배치합니다.
12-Apr-2020 21:28:01.007 정보 [main] org.apache.catalina.startup.HostConfig.deployDirectory 웹 애플리케이션 디렉토리 [/Users/kwangmin/IdeaProjects/springFramework/tomcat/apache-tomcat-9.0.34/webapps/manager]에 대한 배치가 [35] 밀리초에 완료되었습니다.
12-Apr-2020 21:28:01.007 정보 [main] org.apache.catalina.startup.HostConfig.deployDirectory 웹 애플리케이션 디렉토리 [/Users/kwangmin/IdeaProjects/springFramework/tomcat/apache-tomcat-9.0.34/webapps/examples]을(를) 배치합니다.
12-Apr-2020 21:28:01.242 정보 [main] org.apache.catalina.startup.HostConfig.deployDirectory 웹 애플리케이션 디렉토리 [/Users/kwangmin/IdeaProjects/springFramework/tomcat/apache-tomcat-9.0.34/webapps/examples]에 대한 배치가 [235] 밀리초에 완료되었습니다.
12-Apr-2020 21:28:01.243 정보 [main] org.apache.catalina.startup.HostConfig.deployDirectory 웹 애플리케이션 디렉토리 [/Users/kwangmin/IdeaProjects/springFramework/tomcat/apache-tomcat-9.0.34/webapps/ROOT]을(를) 배치합니다.
12-Apr-2020 21:28:01.261 정보 [main] org.apache.catalina.startup.HostConfig.deployDirectory 웹 애플리케이션 디렉토리 [/Users/kwangmin/IdeaProjects/springFramework/tomcat/apache-tomcat-9.0.34/webapps/ROOT]에 대한 배치가 [19] 밀리초에 완료되었습니다.
12-Apr-2020 21:28:01.262 정보 [main] org.apache.catalina.startup.HostConfig.deployDirectory 웹 애플리케이션 디렉토리 [/Users/kwangmin/IdeaProjects/springFramework/tomcat/apache-tomcat-9.0.34/webapps/host-manager]을(를) 배치합니다.
12-Apr-2020 21:28:01.284 정보 [main] org.apache.catalina.startup.HostConfig.deployDirectory 웹 애플리케이션 디렉토리 [/Users/kwangmin/IdeaProjects/springFramework/tomcat/apache-tomcat-9.0.34/webapps/host-manager]에 대한 배치가 [22] 밀리초에 완료되었습니다.
12-Apr-2020 21:28:01.286 정보 [main] org.apache.catalina.startup.Catalina.start 서버가 [1,018] 밀리초 내에 시작되었습니다.
12-Apr-2020 21:28:01.290 심각 [main] org.apache.catalina.core.StandardServer.await 주소 [localhost]와(과) 포트 [8005]에, 서버 셧다운 소켓을 생성하지 못했습니다. (base 포트 [8005], offset [0])
java.net.BindException: Address already in use (Bind failed)
	at java.base/java.net.PlainSocketImpl.socketBind(Native Method)
	at java.base/java.net.AbstractPlainSocketImpl.bind(AbstractPlainSocketImpl.java:436)
	at java.base/java.net.ServerSocket.bind(ServerSocket.java:386)
	at java.base/java.net.ServerSocket.<init>(ServerSocket.java:248)
	at org.apache.catalina.core.StandardServer.await(StandardServer.java:584)
	at org.apache.catalina.startup.Catalina.await(Catalina.java:721)
	at org.apache.catalina.startup.Catalina.start(Catalina.java:667)
	at java.base/jdk.internal.reflect.NativeMethodAccessorImpl.invoke0(Native Method)
	at java.base/jdk.internal.reflect.NativeMethodAccessorImpl.invoke(NativeMethodAccessorImpl.java:62)
	at java.base/jdk.internal.reflect.DelegatingMethodAccessorImpl.invoke(DelegatingMethodAccessorImpl.java:43)
	at java.base/java.lang.reflect.Method.invoke(Method.java:567)
	at org.apache.catalina.startup.Bootstrap.start(Bootstrap.java:343)
	at org.apache.catalina.startup.Bootstrap.main(Bootstrap.java:474)
12-Apr-2020 21:28:01.291 정보 [main] org.apache.coyote.AbstractProtocol.pause 프로토콜 핸들러 ["http-nio-8080"]을(를) 일시 정지 중
12-Apr-2020 21:28:01.291 정보 [main] org.apache.catalina.core.StandardService.stopInternal 서비스 [Catalina]을(를) 중지시킵니다.
12-Apr-2020 21:28:01.321 정보 [main] org.apache.coyote.AbstractProtocol.stop 프로토콜 핸들러 ["http-nio-8080"]을(를) 중지시킵니다.
12-Apr-2020 21:28:01.321 정보 [main] org.apache.coyote.AbstractProtocol.destroy 프로토콜 핸들러 ["http-nio-8080"]을(를) 소멸시킵니다.
12-Apr-2020 23:07:30.494 정보 [main] org.apache.catalina.core.StandardServer.await 셧다운 포트를 통해 유효한 셧다운 명령을 받았습니다. 서버 인스턴스를 중지시킵니다.
12-Apr-2020 23:07:30.495 정보 [main] org.apache.coyote.AbstractProtocol.pause 프로토콜 핸들러 ["http-nio-8080"]을(를) 일시 정지 중
12-Apr-2020 23:07:30.504 정보 [main] org.apache.catalina.core.StandardService.stopInternal 서비스 [Catalina]을(를) 중지시킵니다.
12-Apr-2020 23:07:30.528 정보 [main] org.apache.coyote.AbstractProtocol.stop 프로토콜 핸들러 ["http-nio-8080"]을(를) 중지시킵니다.
12-Apr-2020 23:07:30.529 정보 [main] org.apache.coyote.AbstractProtocol.destroy 프로토콜 핸들러 ["http-nio-8080"]을(를) 소멸시킵니다.
12-Apr-2020 23:08:26.876 정보 [main] org.apache.catalina.startup.VersionLoggerListener.log 서버 버전 이름:        Apache Tomcat/9.0.34
12-Apr-2020 23:08:26.881 정보 [main] org.apache.catalina.startup.VersionLoggerListener.log Server 빌드 시각:          Apr 3 2020 12:02:52 UTC
12-Apr-2020 23:08:26.881 정보 [main] org.apache.catalina.startup.VersionLoggerListener.log Server 버전 번호:         9.0.34.0
12-Apr-2020 23:08:26.882 정보 [main] org.apache.catalina.startup.VersionLoggerListener.log 운영체제 이름:               Mac OS X
12-Apr-2020 23:08:26.882 정보 [main] org.apache.catalina.startup.VersionLoggerListener.log 운영체제 버전:            10.15.3
12-Apr-2020 23:08:26.882 정보 [main] org.apache.catalina.startup.VersionLoggerListener.log 아키텍처:          x86_64
12-Apr-2020 23:08:26.882 정보 [main] org.apache.catalina.startup.VersionLoggerListener.log 자바 홈:             /Users/kwangmin/.sdkman/candidates/java/12.0.2.j9-adpt
12-Apr-2020 23:08:26.882 정보 [main] org.apache.catalina.startup.VersionLoggerListener.log JVM 버전:           12.0.2+10
12-Apr-2020 23:08:26.882 정보 [main] org.apache.catalina.startup.VersionLoggerListener.log JVM 벤더:            Eclipse OpenJ9
12-Apr-2020 23:08:26.882 정보 [main] org.apache.catalina.startup.VersionLoggerListener.log CATALINA_BASE:         /Users/kwangmin/IdeaProjects/springFramework/tomcat/apache-tomcat-9.0.34
12-Apr-2020 23:08:26.882 정보 [main] org.apache.catalina.startup.VersionLoggerListener.log CATALINA_HOME:         /Users/kwangmin/IdeaProjects/springFramework/tomcat/apache-tomcat-9.0.34
12-Apr-2020 23:08:26.920 정보 [main] org.apache.catalina.startup.VersionLoggerListener.log 명령 행 아규먼트: -Xoptionsfile=/Users/kwangmin/.sdkman/candidates/java/12.0.2.j9-adpt/lib/options.default
12-Apr-2020 23:08:26.920 정보 [main] org.apache.catalina.startup.VersionLoggerListener.log 명령 행 아규먼트: -Xlockword:mode=default,noLockword=java/lang/String,noLockword=java/util/MapEntry,noLockword=java/util/HashMap$Entry,noLockword=org/apache/harmony/luni/util/ModifiedMap$Entry,noLockword=java/util/Hashtable$Entry,noLockword=java/lang/invoke/MethodType,noLockword=java/lang/invoke/MethodHandle,noLockword=java/lang/invoke/CollectHandle,noLockword=java/lang/invoke/ConstructorHandle,noLockword=java/lang/invoke/ConvertHandle,noLockword=java/lang/invoke/ArgumentConversionHandle,noLockword=java/lang/invoke/AsTypeHandle,noLockword=java/lang/invoke/ExplicitCastHandle,noLockword=java/lang/invoke/FilterReturnHandle,noLockword=java/lang/invoke/DirectHandle,noLockword=java/lang/invoke/ReceiverBoundHandle,noLockword=java/lang/invoke/DynamicInvokerHandle,noLockword=java/lang/invoke/FieldHandle,noLockword=java/lang/invoke/FieldGetterHandle,noLockword=java/lang/invoke/FieldSetterHandle,noLockword=java/lang/invoke/StaticFieldGetterHandle,noLockword=java/lang/invoke/StaticFieldSetterHandle,noLockword=java/lang/invoke/IndirectHandle,noLockword=java/lang/invoke/InterfaceHandle,noLockword=java/lang/invoke/VirtualHandle,noLockword=java/lang/invoke/PrimitiveHandle,noLockword=java/lang/invoke/InvokeExactHandle,noLockword=java/lang/invoke/InvokeGenericHandle,noLockword=java/lang/invoke/VarargsCollectorHandle,noLockword=java/lang/invoke/ThunkTuple
12-Apr-2020 23:08:26.921 정보 [main] org.apache.catalina.startup.VersionLoggerListener.log 명령 행 아규먼트: -Xjcl:jclse29
12-Apr-2020 23:08:26.921 정보 [main] org.apache.catalina.startup.VersionLoggerListener.log 명령 행 아규먼트: -Dcom.ibm.oti.vm.bootstrap.library.path=/Users/kwangmin/.sdkman/candidates/java/12.0.2.j9-adpt/lib/compressedrefs:/Users/kwangmin/.sdkman/candidates/java/12.0.2.j9-adpt/lib
12-Apr-2020 23:08:26.921 정보 [main] org.apache.catalina.startup.VersionLoggerListener.log 명령 행 아규먼트: -Dsun.boot.library.path=/Users/kwangmin/.sdkman/candidates/java/12.0.2.j9-adpt/lib/compressedrefs:/Users/kwangmin/.sdkman/candidates/java/12.0.2.j9-adpt/lib
12-Apr-2020 23:08:26.922 정보 [main] org.apache.catalina.startup.VersionLoggerListener.log 명령 행 아규먼트: -Djava.library.path=/Users/kwangmin/.sdkman/candidates/java/12.0.2.j9-adpt/lib/compressedrefs:/Users/kwangmin/.sdkman/candidates/java/12.0.2.j9-adpt/lib:/usr/lib
12-Apr-2020 23:08:26.922 정보 [main] org.apache.catalina.startup.VersionLoggerListener.log 명령 행 아규먼트: -Djava.home=/Users/kwangmin/.sdkman/candidates/java/12.0.2.j9-adpt
12-Apr-2020 23:08:26.922 정보 [main] org.apache.catalina.startup.VersionLoggerListener.log 명령 행 아규먼트: -Duser.dir=/Users/kwangmin/IdeaProjects/springFramework/tomcat/apache-tomcat-9.0.34/bin
12-Apr-2020 23:08:26.922 정보 [main] org.apache.catalina.startup.VersionLoggerListener.log 명령 행 아규먼트: --add-opens=java.base/java.lang=ALL-UNNAMED
12-Apr-2020 23:08:26.922 정보 [main] org.apache.catalina.startup.VersionLoggerListener.log 명령 행 아규먼트: --add-opens=java.base/java.io=ALL-UNNAMED
12-Apr-2020 23:08:26.922 정보 [main] org.apache.catalina.startup.VersionLoggerListener.log 명령 행 아규먼트: --add-opens=java.rmi/sun.rmi.transport=ALL-UNNAMED
12-Apr-2020 23:08:26.922 정보 [main] org.apache.catalina.startup.VersionLoggerListener.log 명령 행 아규먼트: -Djava.util.logging.config.file=/Users/kwangmin/IdeaProjects/springFramework/tomcat/apache-tomcat-9.0.34/conf/logging.properties
12-Apr-2020 23:08:26.922 정보 [main] org.apache.catalina.startup.VersionLoggerListener.log 명령 행 아규먼트: -Djava.util.logging.manager=org.apache.juli.ClassLoaderLogManager
12-Apr-2020 23:08:26.923 정보 [main] org.apache.catalina.startup.VersionLoggerListener.log 명령 행 아규먼트: -Djdk.tls.ephemeralDHKeySize=2048
12-Apr-2020 23:08:26.923 정보 [main] org.apache.catalina.startup.VersionLoggerListener.log 명령 행 아규먼트: -Djava.protocol.handler.pkgs=org.apache.catalina.webresources
12-Apr-2020 23:08:26.923 정보 [main] org.apache.catalina.startup.VersionLoggerListener.log 명령 행 아규먼트: -Dorg.apache.catalina.security.SecurityListener.UMASK=0027
12-Apr-2020 23:08:26.923 정보 [main] org.apache.catalina.startup.VersionLoggerListener.log 명령 행 아규먼트: -Dignore.endorsed.dirs=
12-Apr-2020 23:08:26.923 정보 [main] org.apache.catalina.startup.VersionLoggerListener.log 명령 행 아규먼트: -Djava.class.path=/Users/kwangmin/IdeaProjects/springFramework/tomcat/apache-tomcat-9.0.34/bin/bootstrap.jar:/Users/kwangmin/IdeaProjects/springFramework/tomcat/apache-tomcat-9.0.34/bin/tomcat-juli.jar
12-Apr-2020 23:08:26.923 정보 [main] org.apache.catalina.startup.VersionLoggerListener.log 명령 행 아규먼트: -Dcatalina.base=/Users/kwangmin/IdeaProjects/springFramework/tomcat/apache-tomcat-9.0.34
12-Apr-2020 23:08:26.923 정보 [main] org.apache.catalina.startup.VersionLoggerListener.log 명령 행 아규먼트: -Dcatalina.home=/Users/kwangmin/IdeaProjects/springFramework/tomcat/apache-tomcat-9.0.34
12-Apr-2020 23:08:26.923 정보 [main] org.apache.catalina.startup.VersionLoggerListener.log 명령 행 아규먼트: -Djava.io.tmpdir=/Users/kwangmin/IdeaProjects/springFramework/tomcat/apache-tomcat-9.0.34/temp
12-Apr-2020 23:08:26.924 정보 [main] org.apache.catalina.startup.VersionLoggerListener.log 명령 행 아규먼트: -Dsun.java.command=org.apache.catalina.startup.Bootstrap start
12-Apr-2020 23:08:26.924 정보 [main] org.apache.catalina.startup.VersionLoggerListener.log 명령 행 아규먼트: -Dsun.java.launcher=SUN_STANDARD
12-Apr-2020 23:08:26.924 정보 [main] org.apache.catalina.core.AprLifecycleListener.lifecycleEvent 프로덕션 환경들에서 최적의 성능을 제공하는, APR 기반 Apache Tomcat Native 라이브러리가, 다음 java.library.path에서 발견되지 않습니다: [/Users/kwangmin/.sdkman/candidates/java/12.0.2.j9-adpt/lib/compressedrefs:/Users/kwangmin/.sdkman/candidates/java/12.0.2.j9-adpt/lib:/usr/lib]
12-Apr-2020 23:08:27.201 정보 [main] org.apache.coyote.AbstractProtocol.init 프로토콜 핸들러 ["http-nio-8080"]을(를) 초기화합니다.
12-Apr-2020 23:08:27.255 정보 [main] org.apache.catalina.startup.Catalina.load [618] 밀리초 내에 서버가 초기화되었습니다.
12-Apr-2020 23:08:27.283 정보 [main] org.apache.catalina.core.StandardService.startInternal 서비스 [Catalina]을(를) 시작합니다.
12-Apr-2020 23:08:27.283 정보 [main] org.apache.catalina.core.StandardEngine.startInternal 서버 엔진을 시작합니다: [Apache Tomcat/9.0.34]
12-Apr-2020 23:08:27.295 정보 [main] org.apache.catalina.startup.HostConfig.deployWAR 웹 애플리케이션 아카이브 [/Users/kwangmin/IdeaProjects/springFramework/tomcat/apache-tomcat-9.0.34/webapps/springbasic.war]을(를) 배치합니다.
12-Apr-2020 23:08:27.683 정보 [main] org.apache.jasper.servlet.TldScanner.scanJars 적어도 하나의 JAR가 TLD들을 찾기 위해 스캔되었으나 아무 것도 찾지 못했습니다. 스캔했으나 TLD가 없는 JAR들의 전체 목록을 보시려면, 로그 레벨을 디버그 레벨로 설정하십시오. 스캔 과정에서 불필요한 JAR들을 건너뛰면, 시스템 시작 시간과 JSP 컴파일 시간을 단축시킬 수 있습니다.
12-Apr-2020 23:08:27.919 정보 [main] org.apache.catalina.startup.HostConfig.deployWAR 웹 애플리케이션 아카이브 [/Users/kwangmin/IdeaProjects/springFramework/tomcat/apache-tomcat-9.0.34/webapps/springbasic.war]의 배치가 [624] 밀리초에 완료되었습니다.
12-Apr-2020 23:08:27.920 정보 [main] org.apache.catalina.startup.HostConfig.deployDirectory 웹 애플리케이션 디렉토리 [/Users/kwangmin/IdeaProjects/springFramework/tomcat/apache-tomcat-9.0.34/webapps/docs]을(를) 배치합니다.
12-Apr-2020 23:08:27.946 정보 [main] org.apache.catalina.startup.HostConfig.deployDirectory 웹 애플리케이션 디렉토리 [/Users/kwangmin/IdeaProjects/springFramework/tomcat/apache-tomcat-9.0.34/webapps/docs]에 대한 배치가 [25] 밀리초에 완료되었습니다.
12-Apr-2020 23:08:27.946 정보 [main] org.apache.catalina.startup.HostConfig.deployDirectory 웹 애플리케이션 디렉토리 [/Users/kwangmin/IdeaProjects/springFramework/tomcat/apache-tomcat-9.0.34/webapps/manager]을(를) 배치합니다.
12-Apr-2020 23:08:27.985 정보 [main] org.apache.catalina.startup.HostConfig.deployDirectory 웹 애플리케이션 디렉토리 [/Users/kwangmin/IdeaProjects/springFramework/tomcat/apache-tomcat-9.0.34/webapps/manager]에 대한 배치가 [38] 밀리초에 완료되었습니다.
12-Apr-2020 23:08:27.985 정보 [main] org.apache.catalina.startup.HostConfig.deployDirectory 웹 애플리케이션 디렉토리 [/Users/kwangmin/IdeaProjects/springFramework/tomcat/apache-tomcat-9.0.34/webapps/examples]을(를) 배치합니다.
12-Apr-2020 23:08:28.241 정보 [main] org.apache.catalina.startup.HostConfig.deployDirectory 웹 애플리케이션 디렉토리 [/Users/kwangmin/IdeaProjects/springFramework/tomcat/apache-tomcat-9.0.34/webapps/examples]에 대한 배치가 [256] 밀리초에 완료되었습니다.
12-Apr-2020 23:08:28.242 정보 [main] org.apache.catalina.startup.HostConfig.deployDirectory 웹 애플리케이션 디렉토리 [/Users/kwangmin/IdeaProjects/springFramework/tomcat/apache-tomcat-9.0.34/webapps/ROOT]을(를) 배치합니다.
12-Apr-2020 23:08:28.263 정보 [main] org.apache.catalina.startup.HostConfig.deployDirectory 웹 애플리케이션 디렉토리 [/Users/kwangmin/IdeaProjects/springFramework/tomcat/apache-tomcat-9.0.34/webapps/ROOT]에 대한 배치가 [21] 밀리초에 완료되었습니다.
12-Apr-2020 23:08:28.263 정보 [main] org.apache.catalina.startup.HostConfig.deployDirectory 웹 애플리케이션 디렉토리 [/Users/kwangmin/IdeaProjects/springFramework/tomcat/apache-tomcat-9.0.34/webapps/host-manager]을(를) 배치합니다.
12-Apr-2020 23:08:28.285 정보 [main] org.apache.catalina.startup.HostConfig.deployDirectory 웹 애플리케이션 디렉토리 [/Users/kwangmin/IdeaProjects/springFramework/tomcat/apache-tomcat-9.0.34/webapps/host-manager]에 대한 배치가 [22] 밀리초에 완료되었습니다.
12-Apr-2020 23:08:28.288 정보 [main] org.apache.coyote.AbstractProtocol.start 프로토콜 핸들러 ["http-nio-8080"]을(를) 시작합니다.
12-Apr-2020 23:08:28.295 정보 [main] org.apache.catalina.startup.Catalina.start 서버가 [1,039] 밀리초 내에 시작되었습니다.
12-Apr-2020 23:28:34.108 정보 [main] org.apache.catalina.core.StandardServer.await 셧다운 포트를 통해 유효한 셧다운 명령을 받았습니다. 서버 인스턴스를 중지시킵니다.
12-Apr-2020 23:28:34.109 정보 [main] org.apache.coyote.AbstractProtocol.pause 프로토콜 핸들러 ["http-nio-8080"]을(를) 일시 정지 중
12-Apr-2020 23:28:34.118 정보 [main] org.apache.catalina.core.StandardService.stopInternal 서비스 [Catalina]을(를) 중지시킵니다.
12-Apr-2020 23:28:34.168 정보 [main] org.apache.coyote.AbstractProtocol.stop 프로토콜 핸들러 ["http-nio-8080"]을(를) 중지시킵니다.
12-Apr-2020 23:28:34.169 정보 [main] org.apache.coyote.AbstractProtocol.destroy 프로토콜 핸들러 ["http-nio-8080"]을(를) 소멸시킵니다.
