11-Apr-2020 23:18:07.520 정보 [main] org.apache.catalina.core.ApplicationContext.log ContextListener: contextInitialized()
11-Apr-2020 23:18:07.520 정보 [main] org.apache.catalina.core.ApplicationContext.log SessionListener: contextInitialized()
11-Apr-2020 23:18:07.521 정보 [main] org.apache.catalina.core.ApplicationContext.log ContextListener: attributeAdded('StockTicker', 'async.Stockticker@c4781cc4')
11-Apr-2020 23:34:28.790 심각 [Catalina-utility-2] org.apache.catalina.core.StandardContext.listenerStop 클래스 [ch.qos.logback.classic.servlet.LogbackServletContextListener]의 인스턴스인 리스너에게 contextDestroyed 이벤트를 전송하는 중 예외 발생
java.lang.IllegalStateException: java.io.IOException: java.lang.reflect.InvocationTargetException
	at org.apache.catalina.webresources.AbstractSingleArchiveResourceSet.getArchiveEntry(AbstractSingleArchiveResourceSet.java:101)
	at org.apache.catalina.webresources.AbstractArchiveResourceSet.getResource(AbstractArchiveResourceSet.java:256)
	at org.apache.catalina.webresources.StandardRoot.getResourceInternal(StandardRoot.java:282)
	at org.apache.catalina.webresources.Cache.getResource(Cache.java:62)
	at org.apache.catalina.webresources.StandardRoot.getResource(StandardRoot.java:217)
	at org.apache.catalina.webresources.StandardRoot.getClassLoaderResource(StandardRoot.java:226)
	at org.apache.catalina.loader.WebappClassLoaderBase.findClassInternal(WebappClassLoaderBase.java:2303)
	at org.apache.catalina.loader.WebappClassLoaderBase.findClass(WebappClassLoaderBase.java:865)
	at org.apache.catalina.loader.WebappClassLoaderBase.loadClass(WebappClassLoaderBase.java:1334)
	at org.apache.catalina.loader.WebappClassLoaderBase.loadClass(WebappClassLoaderBase.java:1188)
	at ch.qos.logback.core.ContextBase.getLifeCycleManager(ContextBase.java:260)
	at ch.qos.logback.core.ContextBase.reset(ContextBase.java:175)
	at ch.qos.logback.classic.LoggerContext.reset(LoggerContext.java:220)
	at ch.qos.logback.classic.LoggerContext.stop(LoggerContext.java:348)
	at ch.qos.logback.classic.servlet.LogbackServletContextListener.contextDestroyed(LogbackServletContextListener.java:36)
	at org.apache.catalina.core.StandardContext.listenerStop(StandardContext.java:4735)
	at org.apache.catalina.core.StandardContext.stopInternal(StandardContext.java:5401)
	at org.apache.catalina.util.LifecycleBase.stop(LifecycleBase.java:257)
	at org.apache.catalina.core.ContainerBase.removeChild(ContainerBase.java:805)
	at org.apache.catalina.startup.HostConfig.undeploy(HostConfig.java:1425)
	at org.apache.catalina.startup.HostConfig.checkResources(HostConfig.java:1352)
	at org.apache.catalina.startup.HostConfig.check(HostConfig.java:1611)
	at org.apache.catalina.startup.HostConfig.lifecycleEvent(HostConfig.java:305)
	at org.apache.catalina.util.LifecycleBase.fireLifecycleEvent(LifecycleBase.java:123)
	at org.apache.catalina.core.ContainerBase.backgroundProcess(ContainerBase.java:1151)
	at org.apache.catalina.core.ContainerBase$ContainerBackgroundProcessor.processChildren(ContainerBase.java:1353)
	at org.apache.catalina.core.ContainerBase$ContainerBackgroundProcessor.processChildren(ContainerBase.java:1357)
	at org.apache.catalina.core.ContainerBase$ContainerBackgroundProcessor.run(ContainerBase.java:1335)
	at java.base/java.util.concurrent.Executors$RunnableAdapter.call(Executors.java:515)
	at java.base/java.util.concurrent.FutureTask.runAndReset(FutureTask.java:305)
	at java.base/java.util.concurrent.ScheduledThreadPoolExecutor$ScheduledFutureTask.run(ScheduledThreadPoolExecutor.java:305)
	at java.base/java.util.concurrent.ThreadPoolExecutor.runWorker(ThreadPoolExecutor.java:1128)
	at java.base/java.util.concurrent.ThreadPoolExecutor$Worker.run(ThreadPoolExecutor.java:628)
	at org.apache.tomcat.util.threads.TaskThread$WrappingRunnable.run(TaskThread.java:61)
	at java.base/java.lang.Thread.run(Thread.java:831)
Caused by: java.io.IOException: java.lang.reflect.InvocationTargetException
	at org.apache.tomcat.util.compat.Jre9Compat.jarFileNewInstance(Jre9Compat.java:236)
	at org.apache.tomcat.util.compat.JreCompat.jarFileNewInstance(JreCompat.java:169)
	at org.apache.catalina.webresources.AbstractArchiveResourceSet.openJarFile(AbstractArchiveResourceSet.java:307)
	at org.apache.catalina.webresources.AbstractSingleArchiveResourceSet.getArchiveEntry(AbstractSingleArchiveResourceSet.java:97)
	... 34 more
Caused by: java.lang.reflect.InvocationTargetException
	at jdk.internal.reflect.GeneratedConstructorAccessor9.newInstance(Unknown Source)
	at java.base/jdk.internal.reflect.DelegatingConstructorAccessorImpl.newInstance(DelegatingConstructorAccessorImpl.java:45)
	at java.base/java.lang.reflect.Constructor.newInstanceWithCaller(Constructor.java:500)
	at java.base/java.lang.reflect.Constructor.newInstance(Constructor.java:481)
	at org.apache.tomcat.util.compat.Jre9Compat.jarFileNewInstance(Jre9Compat.java:233)
	... 37 more
Caused by: java.nio.file.NoSuchFileException: /Users/kwangmin/IdeaProjects/springFramework/tomcat/apache-tomcat-9.0.34/webapps/springFramework-1.0-SNAPSHOT/WEB-INF/lib/slf4j-api-1.7.25.jar
	at java.base/sun.nio.fs.UnixException.translateToIOException(UnixException.java:92)
	at java.base/sun.nio.fs.UnixException.rethrowAsIOException(UnixException.java:111)
	at java.base/sun.nio.fs.UnixException.rethrowAsIOException(UnixException.java:116)
	at java.base/sun.nio.fs.UnixFileAttributeViews$Basic.readAttributes(UnixFileAttributeViews.java:55)
	at java.base/sun.nio.fs.UnixFileSystemProvider.readAttributes(UnixFileSystemProvider.java:149)
	at java.base/java.nio.file.Files.readAttributes(Files.java:1840)
	at java.base/java.util.zip.ZipFile$Source.get(ZipFile.java:1160)
	at java.base/java.util.zip.ZipFile$CleanableResource.<init>(ZipFile.java:719)
	at java.base/java.util.zip.ZipFile.<init>(ZipFile.java:239)
	at java.base/java.util.zip.ZipFile.<init>(ZipFile.java:169)
	at java.base/java.util.jar.JarFile.<init>(JarFile.java:346)
	... 42 more
11-Apr-2020 23:34:59.615 심각 [Catalina-utility-2] org.apache.catalina.core.StandardContext.listenerStop 클래스 [ch.qos.logback.classic.servlet.LogbackServletContextListener]의 인스턴스인 리스너에게 contextDestroyed 이벤트를 전송하는 중 예외 발생
java.lang.IllegalStateException: java.io.IOException: java.lang.reflect.InvocationTargetException
	at org.apache.catalina.webresources.AbstractSingleArchiveResourceSet.getArchiveEntry(AbstractSingleArchiveResourceSet.java:101)
	at org.apache.catalina.webresources.AbstractArchiveResourceSet.getResource(AbstractArchiveResourceSet.java:256)
	at org.apache.catalina.webresources.StandardRoot.getResourceInternal(StandardRoot.java:282)
	at org.apache.catalina.webresources.Cache.getResource(Cache.java:62)
	at org.apache.catalina.webresources.StandardRoot.getResource(StandardRoot.java:217)
	at org.apache.catalina.webresources.StandardRoot.getClassLoaderResource(StandardRoot.java:226)
	at org.apache.catalina.loader.WebappClassLoaderBase.findClassInternal(WebappClassLoaderBase.java:2303)
	at org.apache.catalina.loader.WebappClassLoaderBase.findClass(WebappClassLoaderBase.java:865)
	at org.apache.catalina.loader.WebappClassLoaderBase.loadClass(WebappClassLoaderBase.java:1334)
	at org.apache.catalina.loader.WebappClassLoaderBase.loadClass(WebappClassLoaderBase.java:1188)
	at ch.qos.logback.core.ContextBase.getLifeCycleManager(ContextBase.java:260)
	at ch.qos.logback.core.ContextBase.reset(ContextBase.java:175)
	at ch.qos.logback.classic.LoggerContext.reset(LoggerContext.java:220)
	at ch.qos.logback.classic.LoggerContext.stop(LoggerContext.java:348)
	at ch.qos.logback.classic.servlet.LogbackServletContextListener.contextDestroyed(LogbackServletContextListener.java:36)
	at org.apache.catalina.core.StandardContext.listenerStop(StandardContext.java:4735)
	at org.apache.catalina.core.StandardContext.stopInternal(StandardContext.java:5401)
	at org.apache.catalina.util.LifecycleBase.stop(LifecycleBase.java:257)
	at org.apache.catalina.core.ContainerBase.removeChild(ContainerBase.java:805)
	at org.apache.catalina.startup.HostConfig.undeploy(HostConfig.java:1425)
	at org.apache.catalina.startup.HostConfig.checkResources(HostConfig.java:1352)
	at org.apache.catalina.startup.HostConfig.check(HostConfig.java:1611)
	at org.apache.catalina.startup.HostConfig.lifecycleEvent(HostConfig.java:305)
	at org.apache.catalina.util.LifecycleBase.fireLifecycleEvent(LifecycleBase.java:123)
	at org.apache.catalina.core.ContainerBase.backgroundProcess(ContainerBase.java:1151)
	at org.apache.catalina.core.ContainerBase$ContainerBackgroundProcessor.processChildren(ContainerBase.java:1353)
	at org.apache.catalina.core.ContainerBase$ContainerBackgroundProcessor.processChildren(ContainerBase.java:1357)
	at org.apache.catalina.core.ContainerBase$ContainerBackgroundProcessor.run(ContainerBase.java:1335)
	at java.base/java.util.concurrent.Executors$RunnableAdapter.call(Executors.java:515)
	at java.base/java.util.concurrent.FutureTask.runAndReset(FutureTask.java:305)
	at java.base/java.util.concurrent.ScheduledThreadPoolExecutor$ScheduledFutureTask.run(ScheduledThreadPoolExecutor.java:305)
	at java.base/java.util.concurrent.ThreadPoolExecutor.runWorker(ThreadPoolExecutor.java:1128)
	at java.base/java.util.concurrent.ThreadPoolExecutor$Worker.run(ThreadPoolExecutor.java:628)
	at org.apache.tomcat.util.threads.TaskThread$WrappingRunnable.run(TaskThread.java:61)
	at java.base/java.lang.Thread.run(Thread.java:831)
Caused by: java.io.IOException: java.lang.reflect.InvocationTargetException
	at org.apache.tomcat.util.compat.Jre9Compat.jarFileNewInstance(Jre9Compat.java:236)
	at org.apache.tomcat.util.compat.JreCompat.jarFileNewInstance(JreCompat.java:169)
	at org.apache.catalina.webresources.AbstractArchiveResourceSet.openJarFile(AbstractArchiveResourceSet.java:307)
	at org.apache.catalina.webresources.AbstractSingleArchiveResourceSet.getArchiveEntry(AbstractSingleArchiveResourceSet.java:97)
	... 34 more
Caused by: java.lang.reflect.InvocationTargetException
	at jdk.internal.reflect.GeneratedConstructorAccessor9.newInstance(Unknown Source)
	at java.base/jdk.internal.reflect.DelegatingConstructorAccessorImpl.newInstance(DelegatingConstructorAccessorImpl.java:45)
	at java.base/java.lang.reflect.Constructor.newInstanceWithCaller(Constructor.java:500)
	at java.base/java.lang.reflect.Constructor.newInstance(Constructor.java:481)
	at org.apache.tomcat.util.compat.Jre9Compat.jarFileNewInstance(Jre9Compat.java:233)
	... 37 more
Caused by: java.nio.file.NoSuchFileException: /Users/kwangmin/IdeaProjects/springFramework/tomcat/apache-tomcat-9.0.34/webapps/springFramework-1.0-SNAPSHOT/WEB-INF/lib/slf4j-api-1.7.25.jar
	at java.base/sun.nio.fs.UnixException.translateToIOException(UnixException.java:92)
	at java.base/sun.nio.fs.UnixException.rethrowAsIOException(UnixException.java:111)
	at java.base/sun.nio.fs.UnixException.rethrowAsIOException(UnixException.java:116)
	at java.base/sun.nio.fs.UnixFileAttributeViews$Basic.readAttributes(UnixFileAttributeViews.java:55)
	at java.base/sun.nio.fs.UnixFileSystemProvider.readAttributes(UnixFileSystemProvider.java:149)
	at java.base/java.nio.file.Files.readAttributes(Files.java:1840)
	at java.base/java.util.zip.ZipFile$Source.get(ZipFile.java:1160)
	at java.base/java.util.zip.ZipFile$CleanableResource.<init>(ZipFile.java:719)
	at java.base/java.util.zip.ZipFile.<init>(ZipFile.java:239)
	at java.base/java.util.zip.ZipFile.<init>(ZipFile.java:169)
	at java.base/java.util.jar.JarFile.<init>(JarFile.java:346)
	... 42 more
